<?xml version="1.0" encoding="UTF-8" ?>
<testsuite failures="0" time="0.014" errors="0" skipped="0" tests="9" name="edu.berkeley.cs186.database.databox.TestStringDataBox">
  <properties>
[...]
</properties>
  <testcase time="0" classname="edu.berkeley.cs186.database.databox.TestStringDataBox" name="TestStringDataBoxEquals"/>
  <testcase time="0" classname="edu.berkeley.cs186.database.databox.TestStringDataBox" name="TestStringDataBoxType"/>
  <testcase time="0" classname="edu.berkeley.cs186.database.databox.TestStringDataBox" name="TestStringDataBoxString"/>
  <testcase time="0" classname="edu.berkeley.cs186.database.databox.TestStringDataBox" name="TestStringDataBoxCompare"/>
  <testcase time="0" classname="edu.berkeley.cs186.database.databox.TestStringDataBox" name="TestStringDataBoxSetters"/>
  <testcase time="0" classname="edu.berkeley.cs186.database.databox.TestStringDataBox" name="TestStringDataBoxString2"/>
  <testcase time="0.001" classname="edu.berkeley.cs186.database.databox.TestStringDataBox" name="TestStringDataBoxSerialize2"/>
  <testcase time="0.001" classname="edu.berkeley.cs186.database.databox.TestStringDataBox" name="TestStringDataBoxConstructor"/>
  <testcase time="0" classname="edu.berkeley.cs186.database.databox.TestStringDataBox" name="TestStringDataBoxSerialize"/>
</testsuite>